<?xml version="1.0" encoding="UTF-8"?>
<!-- Generated by org.testng.reporters.JUnitReportReporter -->
<testsuite hostname="Anil007-PC" failures="0" tests="2" name="com.api.test.GetAPITest" time="1.234" errors="0" timestamp="2020-04-12T22:09:10 IST" skipped="0">
  <testcase classname="com.api.test.GetAPITest" name="getAPITestWithOutHeader" time="0.936"/>
  <system-out/>
  <testcase classname="com.api.test.GetAPITest" name="getAPITestWithHeaders" time="0.298"/>
  <system-out/>
</testsuite> <!-- com.api.test.GetAPITest -->
