<?xml version="1.0" encoding="UTF-8"?>
<!-- Generated by org.testng.reporters.JUnitReportReporter -->
<testsuite hostname="Anil007-PC" failures="0" tests="1" name="com.api.test.GetAPITest" time="3.159" errors="0" timestamp="2020-04-11T23:52:07 IST" skipped="0">
  <testcase classname="com.api.test.GetAPITest" name="getAPITest" time="3.159"/>
  <system-out/>
</testsuite> <!-- com.api.test.GetAPITest -->
