<?xml version="1.0" encoding="UTF-8"?>
<!-- Generated by org.testng.reporters.JUnitReportReporter -->
<testsuite hostname="Anil007-PC" failures="0" tests="1" name="com.api.test.PostAPITest" time="1.595" errors="0" timestamp="2020-04-13T22:52:00 IST" skipped="0">
  <testcase classname="com.api.test.PostAPITest" name="postAPITest" time="1.595"/>
  <system-out/>
</testsuite> <!-- com.api.test.PostAPITest -->
